This file contains any messages produced by compilers while
running configure, to aid debugging if configure makes a mistake.

It was created by example-modules configure 0.1, which was
generated by GNU Autoconf 2.69.  Invocation command line was

  $ ../configure --with-mesos=/usr/local/lib --libdir=/home/erin/project-223b/mesos/build/3rdparty

## --------- ##
## Platform. ##
## --------- ##

hostname = erin-VirtualBox
uname -m = x86_64
uname -r = 4.10.0-38-generic
uname -s = Linux
uname -v = #42~16.04.1-Ubuntu SMP Tue Oct 10 16:32:20 UTC 2017

/usr/bin/uname -p = unknown
/bin/uname -X     = unknown

/bin/arch              = unknown
/usr/bin/arch -k       = unknown
/usr/convex/getsysinfo = unknown
/usr/bin/hostinfo      = unknown
/bin/machine           = unknown
/usr/bin/oslevel       = unknown
/bin/universe          = unknown

PATH: /home/erin/bin
PATH: /home/erin/.local/bin
PATH: /usr/local/sbin
PATH: /usr/local/bin
PATH: /usr/sbin
PATH: /usr/bin
PATH: /sbin
PATH: /bin
PATH: /usr/games
PATH: /usr/local/games


## ----------- ##
## Core tests. ##
## ----------- ##

configure:2433: checking for gcc
configure:2449: found /usr/bin/gcc
configure:2460: result: gcc
configure:2689: checking for C compiler version
configure:2698: gcc --version >&5
gcc (Ubuntu 5.4.0-6ubuntu1~16.04.9) 5.4.0 20160609
Copyright (C) 2015 Free Software Foundation, Inc.
This is free software; see the source for copying conditions.  There is NO
warranty; not even for MERCHANTABILITY or FITNESS FOR A PARTICULAR PURPOSE.

configure:2709: $? = 0
configure:2698: gcc -v >&5
Using built-in specs.
COLLECT_GCC=gcc
COLLECT_LTO_WRAPPER=/usr/lib/gcc/x86_64-linux-gnu/5/lto-wrapper
Target: x86_64-linux-gnu
Configured with: ../src/configure -v --with-pkgversion='Ubuntu 5.4.0-6ubuntu1~16.04.9' --with-bugurl=file:///usr/share/doc/gcc-5/README.Bugs --enable-languages=c,ada,c++,java,go,d,fortran,objc,obj-c++ --prefix=/usr --program-suffix=-5 --enable-shared --enable-linker-build-id --libexecdir=/usr/lib --without-included-gettext --enable-threads=posix --libdir=/usr/lib --enable-nls --with-sysroot=/ --enable-clocale=gnu --enable-libstdcxx-debug --enable-libstdcxx-time=yes --with-default-libstdcxx-abi=new --enable-gnu-unique-object --disable-vtable-verify --enable-libmpx --enable-plugin --with-system-zlib --disable-browser-plugin --enable-java-awt=gtk --enable-gtk-cairo --with-java-home=/usr/lib/jvm/java-1.5.0-gcj-5-amd64/jre --enable-java-home --with-jvm-root-dir=/usr/lib/jvm/java-1.5.0-gcj-5-amd64 --with-jvm-jar-dir=/usr/lib/jvm-exports/java-1.5.0-gcj-5-amd64 --with-arch-directory=amd64 --with-ecj-jar=/usr/share/java/eclipse-ecj.jar --enable-objc-gc --enable-multiarch --disable-werror --with-arch-32=i686 --with-abi=m64 --with-multilib-list=m32,m64,mx32 --enable-multilib --with-tune=generic --enable-checking=release --build=x86_64-linux-gnu --host=x86_64-linux-gnu --target=x86_64-linux-gnu
Thread model: posix
gcc version 5.4.0 20160609 (Ubuntu 5.4.0-6ubuntu1~16.04.9) 
configure:2709: $? = 0
configure:2698: gcc -V >&5
gcc: error: unrecognized command line option '-V'
gcc: fatal error: no input files
compilation terminated.
configure:2709: $? = 1
configure:2698: gcc -qversion >&5
gcc: error: unrecognized command line option '-qversion'
gcc: fatal error: no input files
compilation terminated.
configure:2709: $? = 1
configure:2729: checking whether the C compiler works
configure:2751: gcc    conftest.c  >&5
configure:2755: $? = 0
configure:2803: result: yes
configure:2806: checking for C compiler default output file name
configure:2808: result: a.out
configure:2814: checking for suffix of executables
configure:2821: gcc -o conftest    conftest.c  >&5
configure:2825: $? = 0
configure:2847: result: 
configure:2869: checking whether we are cross compiling
configure:2877: gcc -o conftest    conftest.c  >&5
configure:2881: $? = 0
configure:2888: ./conftest
configure:2892: $? = 0
configure:2907: result: no
configure:2912: checking for suffix of object files
configure:2934: gcc -c   conftest.c >&5
configure:2938: $? = 0
configure:2959: result: o
configure:2963: checking whether we are using the GNU C compiler
configure:2982: gcc -c   conftest.c >&5
configure:2982: $? = 0
configure:2991: result: yes
configure:3000: checking whether gcc accepts -g
configure:3020: gcc -c -g  conftest.c >&5
configure:3020: $? = 0
configure:3061: result: yes
configure:3078: checking for gcc option to accept ISO C89
configure:3141: gcc  -c -g -O2  conftest.c >&5
configure:3141: $? = 0
configure:3154: result: none needed
configure:3211: checking whether gcc understands -c and -o together
configure:3233: gcc -c conftest.c -o conftest2.o
configure:3236: $? = 0
configure:3233: gcc -c conftest.c -o conftest2.o
configure:3236: $? = 0
configure:3248: result: yes
configure:3323: checking for g++
configure:3339: found /usr/bin/g++
configure:3350: result: g++
configure:3377: checking for C++ compiler version
configure:3386: g++ --version >&5
g++ (Ubuntu 5.4.0-6ubuntu1~16.04.9) 5.4.0 20160609
Copyright (C) 2015 Free Software Foundation, Inc.
This is free software; see the source for copying conditions.  There is NO
warranty; not even for MERCHANTABILITY or FITNESS FOR A PARTICULAR PURPOSE.

configure:3397: $? = 0
configure:3386: g++ -v >&5
Using built-in specs.
COLLECT_GCC=g++
COLLECT_LTO_WRAPPER=/usr/lib/gcc/x86_64-linux-gnu/5/lto-wrapper
Target: x86_64-linux-gnu
Configured with: ../src/configure -v --with-pkgversion='Ubuntu 5.4.0-6ubuntu1~16.04.9' --with-bugurl=file:///usr/share/doc/gcc-5/README.Bugs --enable-languages=c,ada,c++,java,go,d,fortran,objc,obj-c++ --prefix=/usr --program-suffix=-5 --enable-shared --enable-linker-build-id --libexecdir=/usr/lib --without-included-gettext --enable-threads=posix --libdir=/usr/lib --enable-nls --with-sysroot=/ --enable-clocale=gnu --enable-libstdcxx-debug --enable-libstdcxx-time=yes --with-default-libstdcxx-abi=new --enable-gnu-unique-object --disable-vtable-verify --enable-libmpx --enable-plugin --with-system-zlib --disable-browser-plugin --enable-java-awt=gtk --enable-gtk-cairo --with-java-home=/usr/lib/jvm/java-1.5.0-gcj-5-amd64/jre --enable-java-home --with-jvm-root-dir=/usr/lib/jvm/java-1.5.0-gcj-5-amd64 --with-jvm-jar-dir=/usr/lib/jvm-exports/java-1.5.0-gcj-5-amd64 --with-arch-directory=amd64 --with-ecj-jar=/usr/share/java/eclipse-ecj.jar --enable-objc-gc --enable-multiarch --disable-werror --with-arch-32=i686 --with-abi=m64 --with-multilib-list=m32,m64,mx32 --enable-multilib --with-tune=generic --enable-checking=release --build=x86_64-linux-gnu --host=x86_64-linux-gnu --target=x86_64-linux-gnu
Thread model: posix
gcc version 5.4.0 20160609 (Ubuntu 5.4.0-6ubuntu1~16.04.9) 
configure:3397: $? = 0
configure:3386: g++ -V >&5
g++: error: unrecognized command line option '-V'
g++: fatal error: no input files
compilation terminated.
configure:3397: $? = 1
configure:3386: g++ -qversion >&5
g++: error: unrecognized command line option '-qversion'
g++: fatal error: no input files
compilation terminated.
configure:3397: $? = 1
configure:3401: checking whether we are using the GNU C++ compiler
configure:3420: g++ -c   conftest.cpp >&5
configure:3420: $? = 0
configure:3429: result: yes
configure:3438: checking whether g++ accepts -g
configure:3458: g++ -c -g  conftest.cpp >&5
configure:3458: $? = 0
configure:3499: result: yes
configure:3523: checking whether gcc and cc understand -c and -o together
configure:3554: gcc -c conftest.cpp -o conftest2.o >&5
configure:3558: $? = 0
configure:3564: gcc -c conftest.cpp -o conftest2.o >&5
configure:3568: $? = 0
configure:3579: cc -c conftest.cpp >&5
configure:3583: $? = 0
configure:3591: cc -c conftest.cpp -o conftest2.o >&5
configure:3595: $? = 0
configure:3601: cc -c conftest.cpp -o conftest2.o >&5
configure:3605: $? = 0
configure:3623: result: yes
configure:3651: checking for a BSD-compatible install
configure:3719: result: /usr/bin/install -c
configure:3730: checking whether build environment is sane
configure:3785: result: yes
configure:3933: checking for a thread-safe mkdir -p
configure:3972: result: /bin/mkdir -p
configure:3979: checking for gawk
configure:3995: found /usr/bin/gawk
configure:4006: result: gawk
configure:4017: checking whether make sets $(MAKE)
configure:4039: result: yes
configure:4069: checking for style of include used by make
configure:4097: result: GNU
configure:4131: checking whether make supports nested variables
configure:4148: result: yes
configure:4233: checking dependency style of gcc
configure:4344: result: gcc3
configure:4361: checking dependency style of g++
configure:4472: result: gcc3
configure:4540: checking for python
configure:4558: found /usr/bin/python
configure:4570: result: /usr/bin/python
configure:4586: checking for a version of Python >= '2.1.0'
configure:4612: result: yes
configure:4643: checking for the distutils Python package
configure:4647: result: yes
configure:4661: checking for Python include path
configure:4677: result: -I/usr/include/python2.7
configure:4684: checking for Python library path
configure:4761: result: -L/usr/lib -lpython2.7
configure:4768: checking for Python site-packages path
configure:4774: result: /usr/lib/python2.7/dist-packages
configure:4781: checking python extra libraries
configure:4788: result: -lpthread -ldl  -lutil -lm
configure:4795: checking python extra linking flags
configure:4802: result: -Xlinker -export-dynamic -Wl,-O1 -Wl,-Bsymbolic-functions
configure:4809: checking consistency of all components of python development environment
configure:4837: gcc -o conftest -g -O2  -I/usr/include/python2.7  -lpthread -ldl  -lutil -lm conftest.c  -L/usr/lib -lpython2.7 -Xlinker -export-dynamic -Wl,-O1 -Wl,-Bsymbolic-functions -Xlinker -export-dynamic -Wl,-O1 -Wl,-Bsymbolic-functions >&5
configure:4837: $? = 0
configure:4855: result: yes
configure:4911: checking build system type
configure:4925: result: x86_64-pc-linux-gnu
configure:4945: checking host system type
configure:4958: result: x86_64-pc-linux-gnu
configure:4999: checking how to print strings
configure:5026: result: printf
configure:5047: checking for a sed that does not truncate output
configure:5111: result: /bin/sed
configure:5129: checking for grep that handles long lines and -e
configure:5187: result: /bin/grep
configure:5192: checking for egrep
configure:5254: result: /bin/grep -E
configure:5259: checking for fgrep
configure:5321: result: /bin/grep -F
configure:5356: checking for ld used by gcc
configure:5423: result: /usr/bin/ld
configure:5430: checking if the linker (/usr/bin/ld) is GNU ld
configure:5445: result: yes
configure:5457: checking for BSD- or MS-compatible name lister (nm)
configure:5511: result: /usr/bin/nm -B
configure:5641: checking the name lister (/usr/bin/nm -B) interface
configure:5648: g++ -c -g -O2  conftest.cpp >&5
configure:5651: /usr/bin/nm -B "conftest.o"
configure:5654: output
0000000000000000 B some_variable
configure:5661: result: BSD nm
configure:5664: checking whether ln -s works
configure:5668: result: yes
configure:5676: checking the maximum length of command line arguments
configure:5807: result: 1572864
configure:5855: checking how to convert x86_64-pc-linux-gnu file names to x86_64-pc-linux-gnu format
configure:5895: result: func_convert_file_noop
configure:5902: checking how to convert x86_64-pc-linux-gnu file names to toolchain format
configure:5922: result: func_convert_file_noop
configure:5929: checking for /usr/bin/ld option to reload object files
configure:5936: result: -r
configure:6010: checking for objdump
configure:6026: found /usr/bin/objdump
configure:6037: result: objdump
configure:6069: checking how to recognize dependent libraries
configure:6269: result: pass_all
configure:6354: checking for dlltool
configure:6384: result: no
configure:6414: checking how to associate runtime and link libraries
configure:6441: result: printf %s\n
configure:6502: checking for ar
configure:6518: found /usr/bin/ar
configure:6529: result: ar
configure:6566: checking for archiver @FILE support
configure:6583: g++ -c -g -O2  conftest.cpp >&5
configure:6583: $? = 0
configure:6586: ar cru libconftest.a @conftest.lst >&5
ar: `u' modifier ignored since `D' is the default (see `U')
configure:6589: $? = 0
configure:6594: ar cru libconftest.a @conftest.lst >&5
ar: `u' modifier ignored since `D' is the default (see `U')
ar: conftest.o: No such file or directory
configure:6597: $? = 1
configure:6609: result: @
configure:6667: checking for strip
configure:6683: found /usr/bin/strip
configure:6694: result: strip
configure:6766: checking for ranlib
configure:6782: found /usr/bin/ranlib
configure:6793: result: ranlib
configure:6895: checking command to parse /usr/bin/nm -B output from gcc object
configure:7048: g++ -c -g -O2  conftest.cpp >&5
configure:7051: $? = 0
configure:7055: /usr/bin/nm -B conftest.o \| sed -n -e 's/^.*[ ]\([ABCDGIRSTW][ABCDGIRSTW]*\)[ ][ ]*\([_A-Za-z][_A-Za-z0-9]*\)$/\1 \2 \2/p' | sed '/ __gnu_lto/d' \> conftest.nm
configure:7058: $? = 0
configure:7124: g++ -o conftest -g -O2   conftest.cpp conftstm.o >&5
configure:7127: $? = 0
configure:7165: result: ok
configure:7212: checking for sysroot
configure:7242: result: no
configure:7249: checking for a working dd
configure:7287: result: /bin/dd
configure:7291: checking how to truncate binary pipes
configure:7306: result: /bin/dd bs=4096 count=1
configure:7442: g++ -c -g -O2  conftest.cpp >&5
configure:7445: $? = 0
configure:7635: checking for mt
configure:7651: found /bin/mt
configure:7662: result: mt
configure:7685: checking if mt is a manifest tool
configure:7691: mt '-?'
configure:7699: result: no
configure:8376: checking how to run the C preprocessor
configure:8407: gcc -E  conftest.c
configure:8407: $? = 0
configure:8421: gcc -E  conftest.c
conftest.c:12:28: fatal error: ac_nonexistent.h: No such file or directory
compilation terminated.
configure:8421: $? = 1
configure: failed program was:
| /* confdefs.h */
| #define PACKAGE_NAME "example-modules"
| #define PACKAGE_TARNAME "example-modules"
| #define PACKAGE_VERSION "0.1"
| #define PACKAGE_STRING "example-modules 0.1"
| #define PACKAGE_BUGREPORT ""
| #define PACKAGE_URL ""
| #define PACKAGE "example-modules"
| #define VERSION "0.1"
| #define HAVE_PYTHON "2.7"
| /* end confdefs.h.  */
| #include <ac_nonexistent.h>
configure:8446: result: gcc -E
configure:8466: gcc -E  conftest.c
configure:8466: $? = 0
configure:8480: gcc -E  conftest.c
conftest.c:12:28: fatal error: ac_nonexistent.h: No such file or directory
compilation terminated.
configure:8480: $? = 1
configure: failed program was:
| /* confdefs.h */
| #define PACKAGE_NAME "example-modules"
| #define PACKAGE_TARNAME "example-modules"
| #define PACKAGE_VERSION "0.1"
| #define PACKAGE_STRING "example-modules 0.1"
| #define PACKAGE_BUGREPORT ""
| #define PACKAGE_URL ""
| #define PACKAGE "example-modules"
| #define VERSION "0.1"
| #define HAVE_PYTHON "2.7"
| /* end confdefs.h.  */
| #include <ac_nonexistent.h>
configure:8509: checking for ANSI C header files
configure:8529: gcc -c -g -O2  conftest.c >&5
configure:8529: $? = 0
configure:8602: gcc -o conftest -g -O2   conftest.c  >&5
configure:8602: $? = 0
configure:8602: ./conftest
configure:8602: $? = 0
configure:8613: result: yes
configure:8626: checking for sys/types.h
configure:8626: gcc -c -g -O2  conftest.c >&5
configure:8626: $? = 0
configure:8626: result: yes
configure:8626: checking for sys/stat.h
configure:8626: gcc -c -g -O2  conftest.c >&5
configure:8626: $? = 0
configure:8626: result: yes
configure:8626: checking for stdlib.h
configure:8626: gcc -c -g -O2  conftest.c >&5
configure:8626: $? = 0
configure:8626: result: yes
configure:8626: checking for string.h
configure:8626: gcc -c -g -O2  conftest.c >&5
configure:8626: $? = 0
configure:8626: result: yes
configure:8626: checking for memory.h
configure:8626: gcc -c -g -O2  conftest.c >&5
configure:8626: $? = 0
configure:8626: result: yes
configure:8626: checking for strings.h
configure:8626: gcc -c -g -O2  conftest.c >&5
configure:8626: $? = 0
configure:8626: result: yes
configure:8626: checking for inttypes.h
configure:8626: gcc -c -g -O2  conftest.c >&5
configure:8626: $? = 0
configure:8626: result: yes
configure:8626: checking for stdint.h
configure:8626: gcc -c -g -O2  conftest.c >&5
configure:8626: $? = 0
configure:8626: result: yes
configure:8626: checking for unistd.h
configure:8626: gcc -c -g -O2  conftest.c >&5
configure:8626: $? = 0
configure:8626: result: yes
configure:8640: checking for dlfcn.h
configure:8640: gcc -c -g -O2  conftest.c >&5
configure:8640: $? = 0
configure:8640: result: yes
configure:8906: checking for objdir
configure:8921: result: .libs
configure:9185: checking if gcc supports -fno-rtti -fno-exceptions
configure:9203: gcc -c -g -O2  -fno-rtti -fno-exceptions conftest.c >&5
cc1: warning: command line option '-fno-rtti' is valid for C++/ObjC++ but not for C
configure:9207: $? = 0
configure:9220: result: no
configure:9578: checking for gcc option to produce PIC
configure:9585: result: -fPIC -DPIC
configure:9593: checking if gcc PIC flag -fPIC -DPIC works
configure:9611: gcc -c -g -O2  -fPIC -DPIC -DPIC conftest.c >&5
configure:9615: $? = 0
configure:9628: result: yes
configure:9657: checking if gcc static flag -static works
configure:9685: result: yes
configure:9700: checking if gcc supports -c -o file.o
configure:9721: gcc -c -g -O2  -o out/conftest2.o conftest.c >&5
configure:9725: $? = 0
configure:9747: result: yes
configure:9755: checking if gcc supports -c -o file.o
configure:9802: result: yes
configure:9835: checking whether the gcc linker (/usr/bin/ld -m elf_x86_64) supports shared libraries
configure:11098: result: yes
configure:11135: checking whether -lc should be explicitly linked in
configure:11143: gcc -c -g -O2  conftest.c >&5
configure:11146: $? = 0
configure:11161: gcc -shared  -fPIC -DPIC conftest.o  -v -Wl,-soname -Wl,conftest -o conftest 2\>\&1 \| /bin/grep  -lc  \>/dev/null 2\>\&1
configure:11164: $? = 0
configure:11178: result: no
configure:11338: checking dynamic linker characteristics
configure:11919: gcc -o conftest -g -O2   -Wl,-rpath -Wl,/foo conftest.c  >&5
configure:11919: $? = 0
configure:12168: result: GNU/Linux ld.so
configure:12290: checking how to hardcode library paths into programs
configure:12315: result: immediate
configure:12863: checking whether stripping libraries is possible
configure:12868: result: yes
configure:12903: checking if libtool supports shared libraries
configure:12905: result: yes
configure:12908: checking whether to build shared libraries
configure:12933: result: yes
configure:12936: checking whether to build static libraries
configure:12940: result: yes
configure:12963: checking how to run the C++ preprocessor
configure:12990: g++ -E  conftest.cpp
configure:12990: $? = 0
configure:13004: g++ -E  conftest.cpp
conftest.cpp:24:28: fatal error: ac_nonexistent.h: No such file or directory
compilation terminated.
configure:13004: $? = 1
configure: failed program was:
| /* confdefs.h */
| #define PACKAGE_NAME "example-modules"
| #define PACKAGE_TARNAME "example-modules"
| #define PACKAGE_VERSION "0.1"
| #define PACKAGE_STRING "example-modules 0.1"
| #define PACKAGE_BUGREPORT ""
| #define PACKAGE_URL ""
| #define PACKAGE "example-modules"
| #define VERSION "0.1"
| #define HAVE_PYTHON "2.7"
| #define STDC_HEADERS 1
| #define HAVE_SYS_TYPES_H 1
| #define HAVE_SYS_STAT_H 1
| #define HAVE_STDLIB_H 1
| #define HAVE_STRING_H 1
| #define HAVE_MEMORY_H 1
| #define HAVE_STRINGS_H 1
| #define HAVE_INTTYPES_H 1
| #define HAVE_STDINT_H 1
| #define HAVE_UNISTD_H 1
| #define HAVE_DLFCN_H 1
| #define LT_OBJDIR ".libs/"
| /* end confdefs.h.  */
| #include <ac_nonexistent.h>
configure:13029: result: g++ -E
configure:13049: g++ -E  conftest.cpp
configure:13049: $? = 0
configure:13063: g++ -E  conftest.cpp
conftest.cpp:24:28: fatal error: ac_nonexistent.h: No such file or directory
compilation terminated.
configure:13063: $? = 1
configure: failed program was:
| /* confdefs.h */
| #define PACKAGE_NAME "example-modules"
| #define PACKAGE_TARNAME "example-modules"
| #define PACKAGE_VERSION "0.1"
| #define PACKAGE_STRING "example-modules 0.1"
| #define PACKAGE_BUGREPORT ""
| #define PACKAGE_URL ""
| #define PACKAGE "example-modules"
| #define VERSION "0.1"
| #define HAVE_PYTHON "2.7"
| #define STDC_HEADERS 1
| #define HAVE_SYS_TYPES_H 1
| #define HAVE_SYS_STAT_H 1
| #define HAVE_STDLIB_H 1
| #define HAVE_STRING_H 1
| #define HAVE_MEMORY_H 1
| #define HAVE_STRINGS_H 1
| #define HAVE_INTTYPES_H 1
| #define HAVE_STDINT_H 1
| #define HAVE_UNISTD_H 1
| #define HAVE_DLFCN_H 1
| #define LT_OBJDIR ".libs/"
| /* end confdefs.h.  */
| #include <ac_nonexistent.h>
configure:13225: checking for ld used by g++
configure:13292: result: /usr/bin/ld -m elf_x86_64
configure:13299: checking if the linker (/usr/bin/ld -m elf_x86_64) is GNU ld
configure:13314: result: yes
configure:13369: checking whether the g++ linker (/usr/bin/ld -m elf_x86_64) supports shared libraries
configure:14442: result: yes
configure:14478: g++ -c -g -O2  conftest.cpp >&5
configure:14481: $? = 0
configure:14962: checking for g++ option to produce PIC
configure:14969: result: -fPIC -DPIC
configure:14977: checking if g++ PIC flag -fPIC -DPIC works
configure:14995: g++ -c -g -O2  -fPIC -DPIC -DPIC conftest.cpp >&5
configure:14999: $? = 0
configure:15012: result: yes
configure:15035: checking if g++ static flag -static works
configure:15063: result: yes
configure:15075: checking if g++ supports -c -o file.o
configure:15096: g++ -c -g -O2  -o out/conftest2.o conftest.cpp >&5
configure:15100: $? = 0
configure:15122: result: yes
configure:15127: checking if g++ supports -c -o file.o
configure:15174: result: yes
configure:15204: checking whether the g++ linker (/usr/bin/ld -m elf_x86_64) supports shared libraries
configure:15247: result: yes
configure:15388: checking dynamic linker characteristics
configure:16145: result: GNU/Linux ld.so
configure:16210: checking how to hardcode library paths into programs
configure:16235: result: immediate
configure:16298: creating ./config.lt

## ------------------ ##
## Running config.lt. ##
## ------------------ ##
config.lt:683: creating libtool
configure:17924: checking if compiling with clang
configure:17948: g++ -c -g -O2  conftest.cpp >&5
conftest.cpp: In function 'int main()':
conftest.cpp:30:12: error: 'clang' was not declared in this scope
        not clang
            ^
configure:17948: $? = 1
configure: failed program was:
| /* confdefs.h */
| #define PACKAGE_NAME "example-modules"
| #define PACKAGE_TARNAME "example-modules"
| #define PACKAGE_VERSION "0.1"
| #define PACKAGE_STRING "example-modules 0.1"
| #define PACKAGE_BUGREPORT ""
| #define PACKAGE_URL ""
| #define PACKAGE "example-modules"
| #define VERSION "0.1"
| #define HAVE_PYTHON "2.7"
| #define STDC_HEADERS 1
| #define HAVE_SYS_TYPES_H 1
| #define HAVE_SYS_STAT_H 1
| #define HAVE_STDLIB_H 1
| #define HAVE_STRING_H 1
| #define HAVE_MEMORY_H 1
| #define HAVE_STRINGS_H 1
| #define HAVE_INTTYPES_H 1
| #define HAVE_STDINT_H 1
| #define HAVE_UNISTD_H 1
| #define HAVE_DLFCN_H 1
| #define LT_OBJDIR ".libs/"
| /* end confdefs.h.  */
| 
| int
| main ()
| {
| 
| #ifndef __clang__
|        not clang
| #endif
| 
|   ;
|   return 0;
| }
configure:17961: result: no
configure:17970: GCC version: 5.4.0
configure:18071: Setting up CXXFLAGS for g++ version >= 4.8
configure:18152: checking whether g++ supports C++11 features by default
configure:18251: g++ -c -g -O2 -Wno-unused-local-typedefs  conftest.cpp >&5
In file included from /usr/include/c++/5/initializer_list:36:0,
                 from conftest.cpp:25:
/usr/include/c++/5/bits/c++0x_warning.h:32:2: error: #error This file requires compiler and library support for the ISO C++ 2011 standard. This support must be enabled with the -std=c++11 or -std=gnu++11 compiler options.
 #error This file requires compiler and library support \
  ^
conftest.cpp:31:34: warning: variadic templates only available with -std=c++11 or -std=gnu++11
   template <typename T, typename ...Args>
                                  ^
conftest.cpp:34:21: error: expected identifier before 'sizeof'
       static_assert(sizeof(int) <= sizeof(T), "not big enough");
                     ^
conftest.cpp:34:21: error: expected ',' or '...' before 'sizeof'
conftest.cpp:34:63: error: ISO C++ forbids declaration of 'static_assert' with no type [-fpermissive]
       static_assert(sizeof(int) <= sizeof(T), "not big enough");
                                                               ^
conftest.cpp:37:27: error: '>>' should be '> >' within a nested template argument list
   typedef check<check<bool>> right_angle_brackets;
                           ^
conftest.cpp:40:11: error: expected constructor, destructor, or type conversion before '(' token
   decltype(a) b;
           ^
conftest.cpp:44:13: error: expected unqualified-id before '&&' token
   check_type&& cr = static_cast<check_type&&>(c);
             ^
conftest.cpp:46:8: error: 'd' does not name a type
   auto d = a;
        ^
conftest.cpp: In function 'void baz()':
conftest.cpp:56:5: error: 'unique_ptr' is not a member of 'std'
     std::unique_ptr<Foo> p1(new Foo);  // p1 owns Foo.
     ^
conftest.cpp:56:24: error: expected primary-expression before '>' token
     std::unique_ptr<Foo> p1(new Foo);  // p1 owns Foo.
                        ^
conftest.cpp:56:36: error: 'p1' was not declared in this scope
     std::unique_ptr<Foo> p1(new Foo);  // p1 owns Foo.
                                    ^
conftest.cpp:60:7: error: 'unique_ptr' is not a member of 'std'
       std::unique_ptr<Foo> p2(std::move(p1));  // Now p2 owns Foo.
       ^
conftest.cpp:60:26: error: expected primary-expression before '>' token
       std::unique_ptr<Foo> p2(std::move(p1));  // Now p2 owns Foo.
                          ^
conftest.cpp:60:31: error: 'move' is not a member of 'std'
       std::unique_ptr<Foo> p2(std::move(p1));  // Now p2 owns Foo.
                               ^
conftest.cpp:60:44: error: 'p2' was not declared in this scope
       std::unique_ptr<Foo> p2(std::move(p1));  // Now p2 owns Foo.
                                            ^
conftest.cpp:63:12: error: 'move' is not a member of 'std'
       p1 = std::move(p2);  // Ownership returns to p1.
            ^
conftest.cpp: At global scope:
conftest.cpp:69:8: error: 'shared_ptr' in namespace 'std' does not name a template type
   std::shared_ptr<int> k = std::make_shared<int>(2);
        ^
conftest.cpp: In function 'void mutexTest()':
conftest.cpp:73:5: error: 'mutex' is not a member of 'std'
     std::mutex _mutex;
     ^
conftest.cpp:76:7: error: 'lock_guard' is not a member of 'std'
       std::lock_guard<std::mutex> lockGuard(_mutex);
       ^
conftest.cpp:76:23: error: 'mutex' is not a member of 'std'
       std::lock_guard<std::mutex> lockGuard(_mutex);
                       ^
conftest.cpp:76:45: error: '_mutex' was not declared in this scope
       std::lock_guard<std::mutex> lockGuard(_mutex);
                                             ^
conftest.cpp:76:51: error: 'lockGuard' was not declared in this scope
       std::lock_guard<std::mutex> lockGuard(_mutex);
                                                   ^
conftest.cpp:82:7: error: 'unique_lock' is not a member of 'std'
       std::unique_lock<std::mutex> uniqueLock(_mutex);
       ^
conftest.cpp:82:24: error: 'mutex' is not a member of 'std'
       std::unique_lock<std::mutex> uniqueLock(_mutex);
                        ^
conftest.cpp:82:47: error: '_mutex' was not declared in this scope
       std::unique_lock<std::mutex> uniqueLock(_mutex);
                                               ^
conftest.cpp:82:53: error: 'uniqueLock' was not declared in this scope
       std::unique_lock<std::mutex> uniqueLock(_mutex);
                                                     ^
conftest.cpp: At global scope:
conftest.cpp:88:60: error: expected template-name before '<' token
   struct SharedStruct : public std::enable_shared_from_this<SharedStruct>
                                                            ^
conftest.cpp:88:60: error: expected '{' before '<' token
conftest.cpp:88:60: error: expected unqualified-id before '<' token
configure:18251: $? = 1
configure: failed program was:
| /* confdefs.h */
| #define PACKAGE_NAME "example-modules"
| #define PACKAGE_TARNAME "example-modules"
| #define PACKAGE_VERSION "0.1"
| #define PACKAGE_STRING "example-modules 0.1"
| #define PACKAGE_BUGREPORT ""
| #define PACKAGE_URL ""
| #define PACKAGE "example-modules"
| #define VERSION "0.1"
| #define HAVE_PYTHON "2.7"
| #define STDC_HEADERS 1
| #define HAVE_SYS_TYPES_H 1
| #define HAVE_SYS_STAT_H 1
| #define HAVE_STDLIB_H 1
| #define HAVE_STRING_H 1
| #define HAVE_MEMORY_H 1
| #define HAVE_STRINGS_H 1
| #define HAVE_INTTYPES_H 1
| #define HAVE_STDINT_H 1
| #define HAVE_UNISTD_H 1
| #define HAVE_DLFCN_H 1
| #define LT_OBJDIR ".libs/"
| /* end confdefs.h.  */
| 
|   #include <initializer_list>
|   #include <memory>
|   #include <mutex>
|   #include <string>
|   #include <vector>
| 
|   template <typename T, typename ...Args>
|     struct check
|     {
|       static_assert(sizeof(int) <= sizeof(T), "not big enough");
|     };
| 
|   typedef check<check<bool>> right_angle_brackets;
| 
|   int a;
|   decltype(a) b;
| 
|   typedef check<int> check_type;
|   check_type c;
|   check_type&& cr = static_cast<check_type&&>(c);
| 
|   auto d = a;
| 
|   struct Foo
|   {
|     void bar() const {}
|   };
| 
|   void f(const Foo& foo) { foo.bar(); }
| 
|   void baz() {
|     std::unique_ptr<Foo> p1(new Foo);  // p1 owns Foo.
|     p1->bar();
| 
|     {
|       std::unique_ptr<Foo> p2(std::move(p1));  // Now p2 owns Foo.
|       f(*p2);
| 
|       p1 = std::move(p2);  // Ownership returns to p1.
|     }
| 
|     p1->bar();
|   }
| 
|   std::shared_ptr<int> k = std::make_shared<int>(2);
| 
|   void mutexTest()
|   {
|     std::mutex _mutex;
|     {
|       // scope of lockGuard.
|       std::lock_guard<std::mutex> lockGuard(_mutex);
|       // end scope of lockGuard.
|     }
| 
|     {
|       // scope of uniqueLock.
|       std::unique_lock<std::mutex> uniqueLock(_mutex);
|       // end scope of uniqueLock.
|     }
|   }
| 
|   // check for std::enable_shared_from_this.
|   struct SharedStruct : public std::enable_shared_from_this<SharedStruct>
|   {
|     std::shared_ptr<SharedStruct> get()
|     {
|       return shared_from_this();
|     }
|   };
| 
|   // construct a new shared_ptr using shared_from_this().
|   std::shared_ptr<SharedStruct> object =
|     std::shared_ptr<SharedStruct>(new SharedStruct())->get();
| 
|   // initializer lists.
|   std::vector<std::string> g = {"hello", "world"};
| 
|   struct InitializerList
|   {
|     InitializerList(std::initializer_list<int>) {}
|     void doSomething(std::initializer_list<int>) {}
|   };
| 
|   void initializerListClassTest()
|   {
|     InitializerList il{1,2,3,4};
|     il.doSomething({5,6,7,8});
|   }
| 
configure:18258: result: no
configure:18270: checking whether g++ supports C++11 features with -std=c++11
configure:18371: g++ -c -g -O2 -Wno-unused-local-typedefs -std=c++11  conftest.cpp >&5
configure:18371: $? = 0
configure:18380: result: yes
configure:18417: checking glog/logging.h usability
configure:18417: g++ -c -g -O2 -Wno-unused-local-typedefs -std=c++11  conftest.cpp >&5
configure:18417: $? = 0
configure:18417: result: yes
configure:18417: checking glog/logging.h presence
configure:18417: g++ -E  conftest.cpp
configure:18417: $? = 0
configure:18417: result: yes
configure:18417: checking for glog/logging.h
configure:18417: result: yes
configure:18430: g++ -o conftest -g -O2 -Wno-unused-local-typedefs -std=c++11   conftest.cpp  >&5
configure:18430: $? = 0
configure:18443: checking google/protobuf/message.h usability
configure:18443: g++ -c -g -O2 -Wno-unused-local-typedefs -std=c++11  conftest.cpp >&5
configure:18443: $? = 0
configure:18443: result: yes
configure:18443: checking google/protobuf/message.h presence
configure:18443: g++ -E  conftest.cpp
configure:18443: $? = 0
configure:18443: result: yes
configure:18443: checking for google/protobuf/message.h
configure:18443: result: yes
configure:18456: g++ -o conftest -g -O2 -Wno-unused-local-typedefs -std=c++11   conftest.cpp  >&5
configure:18456: $? = 0
configure:18469: checking picojson.h usability
configure:18469: g++ -c -g -O2 -Wno-unused-local-typedefs -std=c++11  conftest.cpp >&5
configure:18469: $? = 0
configure:18469: result: yes
configure:18469: checking picojson.h presence
configure:18469: g++ -E  conftest.cpp
configure:18469: $? = 0
configure:18469: result: yes
configure:18469: checking for picojson.h
configure:18469: result: yes
configure:18481: checking boost/lexical_cast.hpp usability
configure:18481: g++ -c -g -O2 -Wno-unused-local-typedefs -std=c++11  conftest.cpp >&5
configure:18481: $? = 0
configure:18481: result: yes
configure:18481: checking boost/lexical_cast.hpp presence
configure:18481: g++ -E  conftest.cpp
configure:18481: $? = 0
configure:18481: result: yes
configure:18481: checking for boost/lexical_cast.hpp
configure:18481: result: yes
configure:18481: checking boost/functional/hash.hpp usability
configure:18481: g++ -c -g -O2 -Wno-unused-local-typedefs -std=c++11  conftest.cpp >&5
configure:18481: $? = 0
configure:18481: result: yes
configure:18481: checking boost/functional/hash.hpp presence
configure:18481: g++ -E  conftest.cpp
configure:18481: $? = 0
configure:18481: result: yes
configure:18481: checking for boost/functional/hash.hpp
configure:18481: result: yes
configure:18643: checking that generated files are newer than configure
configure:18649: result: done
configure:18676: creating ./config.status

## ---------------------- ##
## Running config.status. ##
## ---------------------- ##

This file was extended by example-modules config.status 0.1, which was
generated by GNU Autoconf 2.69.  Invocation command line was

  CONFIG_FILES    = 
  CONFIG_HEADERS  = 
  CONFIG_LINKS    = 
  CONFIG_COMMANDS = 
  $ ./config.status 

on erin-VirtualBox

config.status:1085: creating Makefile
config.status:1085: creating isolator/modules.json
config.status:1085: creating multimesos/modules.json
config.status:1242: executing depfiles commands
config.status:1242: executing libtool commands

## ---------------- ##
## Cache variables. ##
## ---------------- ##

ac_cv_build=x86_64-pc-linux-gnu
ac_cv_c_compiler_gnu=yes
ac_cv_cxx_compiler_gnu=yes
ac_cv_env_CCC_set=
ac_cv_env_CCC_value=
ac_cv_env_CC_set=
ac_cv_env_CC_value=
ac_cv_env_CFLAGS_set=
ac_cv_env_CFLAGS_value=
ac_cv_env_CPPFLAGS_set=
ac_cv_env_CPPFLAGS_value=
ac_cv_env_CPP_set=
ac_cv_env_CPP_value=
ac_cv_env_CXXCPP_set=
ac_cv_env_CXXCPP_value=
ac_cv_env_CXXFLAGS_set=
ac_cv_env_CXXFLAGS_value=
ac_cv_env_CXX_set=
ac_cv_env_CXX_value=
ac_cv_env_LDFLAGS_set=
ac_cv_env_LDFLAGS_value=
ac_cv_env_LIBS_set=
ac_cv_env_LIBS_value=
ac_cv_env_LT_SYS_LIBRARY_PATH_set=
ac_cv_env_LT_SYS_LIBRARY_PATH_value=
ac_cv_env_PYTHON_VERSION_set=
ac_cv_env_PYTHON_VERSION_value=
ac_cv_env_build_alias_set=
ac_cv_env_build_alias_value=
ac_cv_env_host_alias_set=
ac_cv_env_host_alias_value=
ac_cv_env_target_alias_set=
ac_cv_env_target_alias_value=
ac_cv_header_boost_functional_hash_hpp=yes
ac_cv_header_boost_lexical_cast_hpp=yes
ac_cv_header_dlfcn_h=yes
ac_cv_header_glog_logging_h=yes
ac_cv_header_google_protobuf_message_h=yes
ac_cv_header_inttypes_h=yes
ac_cv_header_memory_h=yes
ac_cv_header_picojson_h=yes
ac_cv_header_stdc=yes
ac_cv_header_stdint_h=yes
ac_cv_header_stdlib_h=yes
ac_cv_header_string_h=yes
ac_cv_header_strings_h=yes
ac_cv_header_sys_stat_h=yes
ac_cv_header_sys_types_h=yes
ac_cv_header_unistd_h=yes
ac_cv_host=x86_64-pc-linux-gnu
ac_cv_objext=o
ac_cv_path_EGREP='/bin/grep -E'
ac_cv_path_FGREP='/bin/grep -F'
ac_cv_path_GREP=/bin/grep
ac_cv_path_PYTHON=/usr/bin/python
ac_cv_path_SED=/bin/sed
ac_cv_path_install='/usr/bin/install -c'
ac_cv_path_lt_DD=/bin/dd
ac_cv_path_mkdir=/bin/mkdir
ac_cv_prog_AWK=gawk
ac_cv_prog_CPP='gcc -E'
ac_cv_prog_CXXCPP='g++ -E'
ac_cv_prog_ac_ct_AR=ar
ac_cv_prog_ac_ct_CC=gcc
ac_cv_prog_ac_ct_CXX=g++
ac_cv_prog_ac_ct_MANIFEST_TOOL=mt
ac_cv_prog_ac_ct_OBJDUMP=objdump
ac_cv_prog_ac_ct_RANLIB=ranlib
ac_cv_prog_ac_ct_STRIP=strip
ac_cv_prog_cc_c89=
ac_cv_prog_cc_g=yes
ac_cv_prog_cc_gcc_c_o=yes
ac_cv_prog_cxx_g=yes
ac_cv_prog_make_make_set=yes
am_cv_CC_dependencies_compiler_type=gcc3
am_cv_CXX_dependencies_compiler_type=gcc3
am_cv_make_support_nested_variables=yes
am_cv_prog_cc_c_o=yes
ax_cv_cxx_compile_cxx11=no
ax_cv_cxx_compile_cxx11__std_cpp11=yes
lt_cv_ar_at_file=@
lt_cv_archive_cmds_need_lc=no
lt_cv_deplibs_check_method=pass_all
lt_cv_file_magic_cmd='$MAGIC_CMD'
lt_cv_file_magic_test_file=
lt_cv_ld_reload_flag=-r
lt_cv_nm_interface='BSD nm'
lt_cv_objdir=.libs
lt_cv_path_LD=/usr/bin/ld
lt_cv_path_LDCXX='/usr/bin/ld -m elf_x86_64'
lt_cv_path_NM='/usr/bin/nm -B'
lt_cv_path_mainfest_tool=no
lt_cv_prog_compiler_c_o=yes
lt_cv_prog_compiler_c_o_CXX=yes
lt_cv_prog_compiler_pic='-fPIC -DPIC'
lt_cv_prog_compiler_pic_CXX='-fPIC -DPIC'
lt_cv_prog_compiler_pic_works=yes
lt_cv_prog_compiler_pic_works_CXX=yes
lt_cv_prog_compiler_rtti_exceptions=no
lt_cv_prog_compiler_static_works=yes
lt_cv_prog_compiler_static_works_CXX=yes
lt_cv_prog_gnu_ld=yes
lt_cv_prog_gnu_ldcxx=yes
lt_cv_sharedlib_from_linklib_cmd='printf %s\n'
lt_cv_shlibpath_overrides_runpath=no
lt_cv_sys_global_symbol_pipe='sed -n -e '\''s/^.*[	 ]\([ABCDGIRSTW][ABCDGIRSTW]*\)[	 ][	 ]*\([_A-Za-z][_A-Za-z0-9]*\)$/\1 \2 \2/p'\'' | sed '\''/ __gnu_lto/d'\'''
lt_cv_sys_global_symbol_to_c_name_address='sed -n -e '\''s/^: \(.*\) .*$/  {"\1", (void *) 0},/p'\'' -e '\''s/^[ABCDGIRSTW][ABCDGIRSTW]* .* \(.*\)$/  {"\1", (void *) \&\1},/p'\'''
lt_cv_sys_global_symbol_to_c_name_address_lib_prefix='sed -n -e '\''s/^: \(.*\) .*$/  {"\1", (void *) 0},/p'\'' -e '\''s/^[ABCDGIRSTW][ABCDGIRSTW]* .* \(lib.*\)$/  {"\1", (void *) \&\1},/p'\'' -e '\''s/^[ABCDGIRSTW][ABCDGIRSTW]* .* \(.*\)$/  {"lib\1", (void *) \&\1},/p'\'''
lt_cv_sys_global_symbol_to_cdecl='sed -n -e '\''s/^T .* \(.*\)$/extern int \1();/p'\'' -e '\''s/^[ABCDGIRSTW][ABCDGIRSTW]* .* \(.*\)$/extern char \1;/p'\'''
lt_cv_sys_global_symbol_to_import=
lt_cv_sys_max_cmd_len=1572864
lt_cv_to_host_file_cmd=func_convert_file_noop
lt_cv_to_tool_file_cmd=func_convert_file_noop
lt_cv_truncate_bin='/bin/dd bs=4096 count=1'

## ----------------- ##
## Output variables. ##
## ----------------- ##

ACLOCAL='${SHELL} /home/erin/project-223b/modules/missing aclocal-1.15'
AMDEPBACKSLASH='\'
AMDEP_FALSE='#'
AMDEP_TRUE=''
AMTAR='$${TAR-tar}'
AM_BACKSLASH='\'
AM_DEFAULT_V='$(AM_DEFAULT_VERBOSITY)'
AM_DEFAULT_VERBOSITY='1'
AM_V='$(V)'
AR='ar'
AUTOCONF='${SHELL} /home/erin/project-223b/modules/missing autoconf'
AUTOHEADER='${SHELL} /home/erin/project-223b/modules/missing autoheader'
AUTOMAKE='${SHELL} /home/erin/project-223b/modules/missing automake-1.15'
AWK='gawk'
CC='gcc'
CCDEPMODE='depmode=gcc3'
CFLAGS='-g -O2 -Wno-unused-local-typedefs'
CLANG='no'
CPP='gcc -E'
CPPFLAGS=''
CXX='g++'
CXXCPP='g++ -E'
CXXDEPMODE='depmode=gcc3'
CXXFLAGS='-g -O2 -Wno-unused-local-typedefs -std=c++11'
CYGPATH_W='echo'
DEFS='-DPACKAGE_NAME=\"example-modules\" -DPACKAGE_TARNAME=\"example-modules\" -DPACKAGE_VERSION=\"0.1\" -DPACKAGE_STRING=\"example-modules\ 0.1\" -DPACKAGE_BUGREPORT=\"\" -DPACKAGE_URL=\"\" -DPACKAGE=\"example-modules\" -DVERSION=\"0.1\" -DHAVE_PYTHON=\"2.7\" -DSTDC_HEADERS=1 -DHAVE_SYS_TYPES_H=1 -DHAVE_SYS_STAT_H=1 -DHAVE_STDLIB_H=1 -DHAVE_STRING_H=1 -DHAVE_MEMORY_H=1 -DHAVE_STRINGS_H=1 -DHAVE_INTTYPES_H=1 -DHAVE_STDINT_H=1 -DHAVE_UNISTD_H=1 -DHAVE_DLFCN_H=1 -DLT_OBJDIR=\".libs/\" -DHAVE_BOOST_LEXICAL_CAST_HPP=1 -DHAVE_BOOST_FUNCTIONAL_HASH_HPP=1'
DEPDIR='.deps'
DLLTOOL='false'
DSYMUTIL=''
DUMPBIN=''
ECHO_C=''
ECHO_N='-n'
ECHO_T=''
EGREP='/bin/grep -E'
EXEEXT=''
FGREP='/bin/grep -F'
GREP='/bin/grep'
HAVE_CXX11=''
INSTALL_DATA='${INSTALL} -m 644'
INSTALL_PROGRAM='${INSTALL}'
INSTALL_SCRIPT='${INSTALL}'
INSTALL_STRIP_PROGRAM='$(install_sh) -c -s'
LD='/usr/bin/ld -m elf_x86_64'
LDFLAGS=''
LIBOBJS=''
LIBS=''
LIBTOOL='$(SHELL) $(top_builddir)/libtool'
LIB_EXT='so'
LIPO=''
LN_S='ln -s'
LTLIBOBJS=''
LT_SYS_LIBRARY_PATH=''
MAKEINFO='${SHELL} /home/erin/project-223b/modules/missing makeinfo'
MANIFEST_TOOL=':'
MESOS_CPPFLAGS='-I/usr/local/lib/include'
MESOS_LDFLAGS='-L/usr/local/lib/lib64 -lmesos -lglog -lprotobuf'
MKDIR_P='/bin/mkdir -p'
NM='/usr/bin/nm -B'
NMEDIT=''
OBJDUMP='objdump'
OBJEXT='o'
OTOOL64=''
OTOOL=''
PACKAGE='example-modules'
PACKAGE_BUGREPORT=''
PACKAGE_NAME='example-modules'
PACKAGE_STRING='example-modules 0.1'
PACKAGE_TARNAME='example-modules'
PACKAGE_URL=''
PACKAGE_VERSION='0.1'
PATH_SEPARATOR=':'
PYTHON='/usr/bin/python'
PYTHON_CPPFLAGS='-I/usr/include/python2.7'
PYTHON_EXTRA_LDFLAGS='-lpthread -ldl  -lutil -lm'
PYTHON_EXTRA_LIBS='-Xlinker -export-dynamic -Wl,-O1 -Wl,-Bsymbolic-functions'
PYTHON_LIBS='-L/usr/lib -lpython2.7'
PYTHON_SITE_PKG='/usr/lib/python2.7/dist-packages'
PYTHON_VERSION=''
RANLIB='ranlib'
SED='/bin/sed'
SET_MAKE=''
SHELL='/bin/bash'
STRIP='strip'
VERSION='0.1'
ac_ct_AR='ar'
ac_ct_CC='gcc'
ac_ct_CXX='g++'
ac_ct_DUMPBIN=''
am__EXEEXT_FALSE=''
am__EXEEXT_TRUE='#'
am__fastdepCC_FALSE='#'
am__fastdepCC_TRUE=''
am__fastdepCXX_FALSE='#'
am__fastdepCXX_TRUE=''
am__include='include'
am__isrc=' -I$(srcdir)'
am__leading_dot='.'
am__nodep='_no'
am__quote=''
am__tar='$${TAR-tar} chof - "$$tardir"'
am__untar='$${TAR-tar} xf -'
bindir='${exec_prefix}/bin'
build='x86_64-pc-linux-gnu'
build_alias=''
build_cpu='x86_64'
build_os='linux-gnu'
build_vendor='pc'
datadir='${datarootdir}'
datarootdir='${prefix}/share'
docdir='${datarootdir}/doc/${PACKAGE_TARNAME}'
dvidir='${docdir}'
exec_prefix='${prefix}'
host='x86_64-pc-linux-gnu'
host_alias=''
host_cpu='x86_64'
host_os='linux-gnu'
host_vendor='pc'
htmldir='${docdir}'
includedir='${prefix}/include'
infodir='${datarootdir}/info'
install_sh='${SHELL} /home/erin/project-223b/modules/install-sh'
libdir='/home/erin/project-223b/mesos/build/3rdparty'
libexecdir='${exec_prefix}/libexec'
localedir='${datarootdir}/locale'
localstatedir='${prefix}/var'
mandir='${datarootdir}/man'
mkdir_p='$(MKDIR_P)'
oldincludedir='/usr/include'
pdfdir='${docdir}'
prefix='/usr/local'
program_transform_name='s,x,x,'
psdir='${docdir}'
runstatedir='${localstatedir}/run'
sbindir='${exec_prefix}/sbin'
sharedstatedir='${prefix}/com'
sysconfdir='${prefix}/etc'
target_alias=''

## ----------- ##
## confdefs.h. ##
## ----------- ##

/* confdefs.h */
#define PACKAGE_NAME "example-modules"
#define PACKAGE_TARNAME "example-modules"
#define PACKAGE_VERSION "0.1"
#define PACKAGE_STRING "example-modules 0.1"
#define PACKAGE_BUGREPORT ""
#define PACKAGE_URL ""
#define PACKAGE "example-modules"
#define VERSION "0.1"
#define HAVE_PYTHON "2.7"
#define STDC_HEADERS 1
#define HAVE_SYS_TYPES_H 1
#define HAVE_SYS_STAT_H 1
#define HAVE_STDLIB_H 1
#define HAVE_STRING_H 1
#define HAVE_MEMORY_H 1
#define HAVE_STRINGS_H 1
#define HAVE_INTTYPES_H 1
#define HAVE_STDINT_H 1
#define HAVE_UNISTD_H 1
#define HAVE_DLFCN_H 1
#define LT_OBJDIR ".libs/"
#define HAVE_BOOST_LEXICAL_CAST_HPP 1
#define HAVE_BOOST_FUNCTIONAL_HASH_HPP 1

configure: exit 0
